[debug] [2023-12-26T13:19:37.928Z] ----------------------------------------------------------------------
[debug] [2023-12-26T13:19:37.929Z] Command:       /usr/local/bin/firebase /Users/memisalitufan/.cache/firebase/tools/lib/node_modules/firebase-tools/lib/bin/firebase deploy
[debug] [2023-12-26T13:19:37.930Z] CLI Version:   12.7.0
[debug] [2023-12-26T13:19:37.930Z] Platform:      darwin
[debug] [2023-12-26T13:19:37.931Z] Node Version:  v16.16.0
[debug] [2023-12-26T13:19:37.939Z] Time:          Tue Dec 26 2023 16:19:37 GMT+0300 (GMT+03:00)
[debug] [2023-12-26T13:19:37.939Z] ----------------------------------------------------------------------
[debug] 
[debug] [2023-12-26T13:19:38.040Z] > command requires scopes: ["email","openid","https://www.googleapis.com/auth/cloudplatformprojects.readonly","https://www.googleapis.com/auth/firebase","https://www.googleapis.com/auth/cloud-platform"]
[debug] [2023-12-26T13:19:38.041Z] > authorizing via signed-in user (tufanmemisali4@gmail.com)
[debug] [2023-12-26T13:19:38.042Z] [iam] checking project innox-ee22c for permissions ["firebase.projects.get","firebasehosting.sites.update"]
[debug] [2023-12-26T13:19:38.045Z] >>> [apiv2][query] POST https://cloudresourcemanager.googleapis.com/v1/projects/innox-ee22c:testIamPermissions [none]
[debug] [2023-12-26T13:19:38.046Z] >>> [apiv2][(partial)header] POST https://cloudresourcemanager.googleapis.com/v1/projects/innox-ee22c:testIamPermissions x-goog-quota-user=projects/innox-ee22c
[debug] [2023-12-26T13:19:38.046Z] >>> [apiv2][body] POST https://cloudresourcemanager.googleapis.com/v1/projects/innox-ee22c:testIamPermissions {"permissions":["firebase.projects.get","firebasehosting.sites.update"]}
[debug] [2023-12-26T13:19:39.414Z] <<< [apiv2][status] POST https://cloudresourcemanager.googleapis.com/v1/projects/innox-ee22c:testIamPermissions 200
[debug] [2023-12-26T13:19:39.419Z] <<< [apiv2][body] POST https://cloudresourcemanager.googleapis.com/v1/projects/innox-ee22c:testIamPermissions {"permissions":["firebase.projects.get","firebasehosting.sites.update"]}
[debug] [2023-12-26T13:19:39.422Z] >>> [apiv2][query] GET https://firebase.googleapis.com/v1beta1/projects/innox-ee22c [none]
[debug] [2023-12-26T13:19:39.758Z] <<< [apiv2][status] GET https://firebase.googleapis.com/v1beta1/projects/innox-ee22c 200
[debug] [2023-12-26T13:19:39.759Z] <<< [apiv2][body] GET https://firebase.googleapis.com/v1beta1/projects/innox-ee22c {"projectId":"innox-ee22c","projectNumber":"222231716806","displayName":"innox","name":"projects/innox-ee22c","resources":{"hostingSite":"innox-ee22c","storageBucket":"innox-ee22c.appspot.com","locationId":"europe-west"},"state":"ACTIVE","etag":"1_4b93a264-a447-41ea-9f4e-0deef48b5fe7"}
[info] 
[info] === Deploying to 'innox-ee22c'...
[info] 
[info] i  deploying hosting 
[debug] [2023-12-26T13:19:39.771Z] >>> [apiv2][query] POST https://firebasehosting.googleapis.com/v1beta1/projects/-/sites/innox-ee22c/versions [none]
[debug] [2023-12-26T13:19:39.771Z] >>> [apiv2][body] POST https://firebasehosting.googleapis.com/v1beta1/projects/-/sites/innox-ee22c/versions {"status":"CREATED","labels":{"deployment-tool":"cli-firebase"}}
